<?xml version="1.0" encoding="UTF-8"?>
<!-- Generated by org.testng.reporters.JUnitReportReporter -->
<testsuite skipped="0" hostname="DESKTOP-BG6S5C8" name="org.testtask.ParameterOptionalTask" tests="1" failures="0" timestamp="08 Sep 2020 20:18:56 GMT" time="1.248" errors="0">
  <testcase name="testCase1" time="1.248" classname="org.testtask.ParameterOptionalTask"/>
</testsuite> <!-- org.testtask.ParameterOptionalTask -->
