<?xml version="1.0" encoding="UTF-8"?>
<!-- Generated by org.testng.reporters.JUnitReportReporter -->
<testsuite skipped="0" hostname="DESKTOP-BG6S5C8" name="org.testtask.TestTask" tests="3" failures="0" timestamp="08 Sep 2020 19:43:46 GMT" time="0.063" errors="0">
  <testcase name="testCase11" time="0.016" classname="org.testtask.TestTask"/>
  <testcase name="testCase12" time="0.016" classname="org.testtask.TestTask"/>
  <testcase name="testCase13" time="0.031" classname="org.testtask.TestTask"/>
</testsuite> <!-- org.testtask.TestTask -->
