<?xml version="1.0" encoding="UTF-8"?>
<!-- Generated by org.testng.reporters.JUnitReportReporter -->
<testsuite skipped="0" hostname="DESKTOP-BG6S5C8" name="org.parallel.ClassB" tests="5" failures="0" timestamp="09 Sep 2020 16:15:08 GMT" time="0.118" errors="0">
  <testcase name="testCase3" time="0.016" classname="org.parallel.ClassB"/>
  <testcase name="testCase1" time="0.054" classname="org.parallel.ClassB"/>
  <testcase name="testCase5" time="0.002" classname="org.parallel.ClassB"/>
  <testcase name="testCase2" time="0.031" classname="org.parallel.ClassB"/>
  <testcase name="testCase4" time="0.015" classname="org.parallel.ClassB"/>
</testsuite> <!-- org.parallel.ClassB -->
