<?xml version="1.0" encoding="UTF-8"?>
<!-- Generated by org.testng.reporters.JUnitReportReporter -->
<testsuite skipped="0" hostname="DESKTOP-BG6S5C8" name="org.testtask.GroupTask" tests="8" failures="0" timestamp="04 Sep 2020 13:38:57 GMT" time="120.380" errors="0">
  <testcase name="testCase2" time="16.384" classname="org.testtask.GroupTask"/>
  <testcase name="testCase2" time="17.304" classname="org.testtask.GroupTask"/>
  <testcase name="testCase2" time="14.287" classname="org.testtask.GroupTask"/>
  <testcase name="testCase2" time="12.606" classname="org.testtask.GroupTask"/>
  <testcase name="testCase2" time="8.204" classname="org.testtask.GroupTask"/>
  <testcase name="testCase2" time="21.793" classname="org.testtask.GroupTask"/>
  <testcase name="testCase2" time="15.094" classname="org.testtask.GroupTask"/>
  <testcase name="testCase2" time="14.708" classname="org.testtask.GroupTask"/>
</testsuite> <!-- org.testtask.GroupTask -->
