<?xml version="1.0" encoding="UTF-8"?>
<!-- Generated by org.testng.reporters.JUnitReportReporter -->
<testsuite skipped="0" hostname="DESKTOP-BG6S5C8" name="org.testtask.Grouptask1" tests="5" failures="0" timestamp="07 Sep 2020 13:19:15 GMT" time="0.065" errors="0">
  <testcase name="testCase4" time="0.006" classname="org.testtask.Grouptask1"/>
  <testcase name="testCase3" time="0.014" classname="org.testtask.Grouptask1"/>
  <testcase name="testCase1" time="0.015" classname="org.testtask.Grouptask1"/>
  <testcase name="testCase2" time="0.021" classname="org.testtask.Grouptask1"/>
  <testcase name="testCase5" time="0.009" classname="org.testtask.Grouptask1"/>
</testsuite> <!-- org.testtask.Grouptask1 -->
