<?xml version="1.0" encoding="UTF-8"?>
<!-- Generated by org.testng.reporters.JUnitReportReporter -->
<testsuite skipped="0" hostname="DESKTOP-BG6S5C8" name="org.parallel.ClassA" tests="5" failures="0" timestamp="09 Sep 2020 16:15:08 GMT" time="0.074" errors="0">
  <testcase name="testCase13" time="0.000" classname="org.parallel.ClassA"/>
  <testcase name="testCase15" time="0.020" classname="org.parallel.ClassA"/>
  <testcase name="testCase11" time="0.038" classname="org.parallel.ClassA"/>
  <testcase name="testCase12" time="0.000" classname="org.parallel.ClassA"/>
  <testcase name="testCase14" time="0.016" classname="org.parallel.ClassA"/>
</testsuite> <!-- org.parallel.ClassA -->
